<?xml version="1.0" encoding="UTF-8"?>
<!-- Generated by org.testng.reporters.JUnitXMLReporter -->
<testsuite ignored="0" hostname="DESKTOP-063AJHD" failures="0" tests="6" name="test1" time="0.053" errors="0" timestamp="2023-06-02T15:11:39 CEST">
  <testcase classname="HurTest" name="testCalcAreaBadInput" time="0.005"/>
  <testcase classname="HurTest" name="testCalcAreaBadInput1" time="0.0"/>
  <testcase classname="HurTest" name="testCalcAreaBadInput2" time="0.0"/>
  <testcase classname="HurTest" name="testCalcAreaBadInput3" time="0.0"/>
  <testcase classname="HurTest" name="testCalcAreaFirst" time="0.0"/>
  <testcase classname="HurTest" name="testCalcAreaSecound" time="0.001"/>
</testsuite> <!-- test1 -->
