<?xml version="1.0" encoding="UTF-8"?>
<testng-results ignored="0" total="6" passed="6" failed="0" skipped="0">
  <reporter-output>
  </reporter-output>
  <suite started-at="2023-06-02T15:11:39 CEST" name="Suite1" finished-at="2023-06-02T15:11:39 CEST" duration-ms="53">
    <groups>
    </groups>
    <test started-at="2023-06-02T15:11:39 CEST" name="test1" finished-at="2023-06-02T15:11:39 CEST" duration-ms="53">
      <class name="HurTest">
        <test-method is-config="true" signature="testInit()[pri:0, instance:HurTest@525f1e4e]" started-at="2023-06-02T15:11:39 CEST" name="testInit" finished-at="2023-06-02T15:11:39 CEST" duration-ms="11" status="PASS">
          <reporter-output>
          </reporter-output>
        </test-method> <!-- testInit -->
        <test-method signature="testCalcAreaBadInput()[pri:0, instance:HurTest@525f1e4e]" started-at="2023-06-02T15:11:39 CEST" name="testCalcAreaBadInput" finished-at="2023-06-02T15:11:39 CEST" duration-ms="5" status="PASS">
          <reporter-output>
          </reporter-output>
        </test-method> <!-- testCalcAreaBadInput -->
        <test-method signature="testCalcAreaBadInput1()[pri:0, instance:HurTest@525f1e4e]" started-at="2023-06-02T15:11:39 CEST" name="testCalcAreaBadInput1" finished-at="2023-06-02T15:11:39 CEST" duration-ms="0" status="PASS">
          <reporter-output>
          </reporter-output>
        </test-method> <!-- testCalcAreaBadInput1 -->
        <test-method signature="testCalcAreaBadInput2()[pri:0, instance:HurTest@525f1e4e]" started-at="2023-06-02T15:11:39 CEST" name="testCalcAreaBadInput2" finished-at="2023-06-02T15:11:39 CEST" duration-ms="0" status="PASS">
          <reporter-output>
          </reporter-output>
        </test-method> <!-- testCalcAreaBadInput2 -->
        <test-method signature="testCalcAreaBadInput3()[pri:0, instance:HurTest@525f1e4e]" started-at="2023-06-02T15:11:39 CEST" name="testCalcAreaBadInput3" finished-at="2023-06-02T15:11:39 CEST" duration-ms="0" status="PASS">
          <reporter-output>
          </reporter-output>
        </test-method> <!-- testCalcAreaBadInput3 -->
        <test-method signature="testCalcAreaSecound()[pri:0, instance:HurTest@525f1e4e]" started-at="2023-06-02T15:11:39 CEST" name="testCalcAreaSecound" finished-at="2023-06-02T15:11:39 CEST" duration-ms="1" status="PASS">
          <reporter-output>
          </reporter-output>
        </test-method> <!-- testCalcAreaSecound -->
        <test-method signature="testCalcAreaFirst()[pri:0, instance:HurTest@525f1e4e]" started-at="2023-06-02T15:11:39 CEST" name="testCalcAreaFirst" finished-at="2023-06-02T15:11:39 CEST" duration-ms="0" status="PASS">
          <reporter-output>
          </reporter-output>
        </test-method> <!-- testCalcAreaFirst -->
      </class> <!-- HurTest -->
    </test> <!-- test1 -->
  </suite> <!-- Suite1 -->
</testng-results>
